<<<<<<< HEAD
2025-03-10 04:24:34,739 - wealth_spread - ERROR - Error analyzing portfolio: [Errno 2] No such file or directory: 'stocks_details.json'
2025-03-10 04:25:07,959 - wealth_spread - ERROR - Error analyzing portfolio: [Errno 2] No such file or directory: 'stocks_details.json'
2025-03-10 04:30:56,689 - wealth_spread - ERROR - Error analyzing portfolio: [Errno 2] No such file or directory: 'stocks_details.json'
2025-03-10 04:36:11,046 - wealth_spread - ERROR - Error analyzing portfolio: [Errno 2] No such file or directory: 'stocks_details.json'
2025-03-10 04:37:08,616 - wealth_spread - ERROR - Error analyzing portfolio: [Errno 2] No such file or directory: 'stocks_details.json'
2025-03-10 04:45:33,920 - httpx - INFO - HTTP Request: GET https://en.wikipedia.org/wiki/List_of_S%26P_500_companies "HTTP/1.1 200 OK"
2025-03-10 04:45:34,027 - wealth_spread - ERROR - Error updating data: can not fetch https://stockanalysis.com/list/sp-500-stocks/, must be in ('https://en.wikipedia.org/wiki/List_of_S%26P_500_companies',)
2025-03-10 04:46:53,518 - wealth_spread - ERROR - Error analyzing portfolio: [Errno 2] No such file or directory: 'stocks_details.json'
2025-03-10 04:56:28,524 - wealth_spread - INFO - Loaded stock data from /Users/khushidesai/Downloads/30122-project-wealthspread/wealthspread/correlation/stocks_details.json
2025-03-10 04:56:28,614 - wealth_spread - INFO - Loaded correlation data from /Users/khushidesai/Downloads/30122-project-wealthspread/wealthspread/correlation/correlation_matrix.csv
2025-03-10 04:56:28,616 - wealth_spread - INFO - Loaded ESG data from /Users/khushidesai/Downloads/30122-project-wealthspread/wealthspread/correlation/ESG_Scores.json
2025-03-10 05:01:02,057 - wealth_spread - INFO - Loaded stock data from /Users/khushidesai/Downloads/30122-project-wealthspread/wealthspread/correlation/stocks_details.json
2025-03-10 05:01:02,153 - wealth_spread - INFO - Loaded correlation data from /Users/khushidesai/Downloads/30122-project-wealthspread/wealthspread/correlation/correlation_matrix.csv
2025-03-10 05:01:02,155 - wealth_spread - INFO - Loaded ESG data from /Users/khushidesai/Downloads/30122-project-wealthspread/wealthspread/correlation/ESG_Scores.json
2025-03-10 05:10:08,957 - wealth_spread - ERROR - Error loading stocks_details.json: name 'get_data_file_path' is not defined
2025-03-10 05:10:08,961 - wealth_spread - ERROR - Error loading correlation_matrix.csv: name 'get_data_file_path' is not defined
2025-03-10 05:10:08,961 - wealth_spread - ERROR - Error loading ESG_Scores.json: name 'get_data_file_path' is not defined
2025-03-10 05:10:08,961 - wealth_spread - ERROR - Error loading company_info.json: name 'get_data_file_path' is not defined
2025-03-10 05:14:03,813 - wealth_spread - INFO - Loaded stock data from /Users/khushidesai/Downloads/30122-project-wealthspread/wealthspread/correlation/stocks_details.json
2025-03-10 05:14:03,907 - wealth_spread - INFO - Loaded correlation data from /Users/khushidesai/Downloads/30122-project-wealthspread/wealthspread/correlation/correlation_matrix.csv
2025-03-10 05:14:03,909 - wealth_spread - INFO - Loaded ESG data from /Users/khushidesai/Downloads/30122-project-wealthspread/wealthspread/correlation/ESG_Scores.json
2025-03-10 05:14:03,911 - wealth_spread - INFO - Loaded company info from /Users/khushidesai/Downloads/30122-project-wealthspread/wealthspread/scrape/company_info.json
2025-03-10 05:14:03,911 - wealth_spread - ERROR - Error analyzing portfolio: 'name'
2025-03-10 05:23:42,729 - wealth_spread - INFO - Loaded stock data from /Users/khushidesai/Downloads/30122-project-wealthspread/wealthspread/correlation/stocks_details.json
2025-03-10 05:23:42,828 - wealth_spread - INFO - Loaded correlation data from /Users/khushidesai/Downloads/30122-project-wealthspread/wealthspread/correlation/correlation_matrix.csv
2025-03-10 05:23:42,830 - wealth_spread - INFO - Loaded ESG data from /Users/khushidesai/Downloads/30122-project-wealthspread/wealthspread/correlation/ESG_Scores.json
2025-03-10 05:23:42,832 - wealth_spread - INFO - Loaded company info from /Users/khushidesai/Downloads/30122-project-wealthspread/wealthspread/scrape/company_info.json
2025-03-10 05:29:05,077 - wealth_spread - INFO - Loaded stock data from /Users/khushidesai/Downloads/30122-project-wealthspread/wealthspread/correlation/stocks_details.json
2025-03-10 05:37:10,623 - wealth_spread - INFO - Loaded stock data from /Users/khushidesai/Downloads/30122-project-wealthspread/wealthspread/correlation/stocks_details.json
2025-03-10 05:45:24,334 - wealth_spread - INFO - Loaded stock data from /Users/khushidesai/Downloads/30122-project-wealthspread/wealthspread/correlation/stocks_details.json
2025-03-10 05:51:53,844 - wealth_spread - INFO - Loaded stock data from /Users/khushidesai/Downloads/30122-project-wealthspread/wealthspread/correlation/stocks_details.json
2025-03-10 05:57:28,139 - wealth_spread - INFO - Loaded stock data from /Users/khushidesai/Downloads/30122-project-wealthspread/wealthspread/correlation/stocks_details.json
2025-03-10 05:57:28,144 - wealth_spread - INFO - Loaded company info from /Users/khushidesai/Downloads/30122-project-wealthspread/wealthspread/scrape/company_info.json
2025-03-10 05:57:28,146 - wealth_spread - INFO - Loaded ESG data from /Users/khushidesai/Downloads/30122-project-wealthspread/wealthspread/correlation/ESG_Scores.json
2025-03-10 05:57:28,154 - wealth_spread - ERROR - Error in visualization: [Errno 2] No such file or directory: 'wealthspread/Visualization Example/data_visualization_historic_performance.py'
2025-03-10 05:57:28,154 - wealth_spread - ERROR - Unexpected error: name 'visualize_stock_ascii' is not defined
2025-03-10 06:06:23,981 - wealth_spread - ERROR - Error in visualization: [Errno 2] No such file or directory: 'wealthspread/Visualization Example/data_visualization_historic_performance.py'
2025-03-10 06:09:54,932 - wealth_spread - ERROR - Error in visualization: [Errno 2] No such file or directory: 'wealthspread/Visualization Example/data_visualization_historic_performance.py'
2025-03-10 06:14:47,031 - wealth_spread - INFO - Loaded stock data from /Users/khushidesai/Downloads/30122-project-wealthspread/wealthspread/correlation/stocks_details.json
2025-03-10 06:14:47,032 - wealth_spread - INFO - Loaded company info from /Users/khushidesai/Downloads/30122-project-wealthspread/wealthspread/scrape/company_info.json
2025-03-10 06:14:47,033 - wealth_spread - INFO - Loaded ESG data from /Users/khushidesai/Downloads/30122-project-wealthspread/wealthspread/correlation/ESG_Scores.json
2025-03-10 06:20:17,989 - wealth_spread - INFO - Loaded correlation data from /Users/khushidesai/Downloads/30122-project-wealthspread/wealthspread/correlation/correlation_matrix.csv
2025-03-10 09:42:02,401 - wealth_spread - INFO - Loaded ESG data from /home/mariefarhat/122project/30122-project-wealthspread/wealthspread/correlation/ESG_Scores.json
2025-03-10 09:42:02,404 - wealth_spread - INFO - Loaded stock data from /home/mariefarhat/122project/30122-project-wealthspread/wealthspread/correlation/stocks_details.json
2025-03-10 09:44:59,246 - wealth_spread - ERROR - Error retrieving ESG data: 'str' object has no attribute 'get'
2025-03-10 09:45:43,816 - wealth_spread - ERROR - Error retrieving ESG data: 'str' object has no attribute 'get'
2025-03-10 09:48:58,881 - wealth_spread - ERROR - Error retrieving ESG data: 'str' object has no attribute 'get'
2025-03-10 09:58:10,951 - wealth_spread - INFO - Loaded ESG data from /home/mariefarhat/122project/30122-project-wealthspread/wealthspread/correlation/ESG_Scores.json
2025-03-10 09:58:10,951 - wealth_spread - ERROR - Sorry, no ESG data available for: 'str' object has no attribute 'get'. Try a different stock.
2025-03-10 09:59:07,118 - wealth_spread - ERROR - Sorry, no ESG data available for: 'str' object has no attribute 'get'. Try a different stock.
2025-03-10 09:59:38,416 - wealth_spread - INFO - Loaded ESG data from /home/mariefarhat/122project/30122-project-wealthspread/wealthspread/correlation/ESG_Scores.json
2025-03-10 09:59:38,416 - wealth_spread - ERROR - Sorry, no ESG data available for: GOOG. Try a different stock.
2025-03-10 09:59:44,760 - wealth_spread - INFO - Loaded stock data from /home/mariefarhat/122project/30122-project-wealthspread/wealthspread/correlation/stocks_details.json
2025-03-10 10:03:40,045 - wealth_spread - INFO - Loaded stock data from /home/mariefarhat/122project/30122-project-wealthspread/wealthspread/correlation/stocks_details.json
2025-03-10 10:03:40,196 - wealth_spread - INFO - Loaded correlation data from /home/mariefarhat/122project/30122-project-wealthspread/wealthspread/correlation/correlation_matrix.csv
2025-03-10 10:03:40,198 - wealth_spread - INFO - Loaded ESG data from /home/mariefarhat/122project/30122-project-wealthspread/wealthspread/correlation/ESG_Scores.json
2025-03-10 10:03:40,202 - wealth_spread - INFO - Loaded company info from /home/mariefarhat/122project/30122-project-wealthspread/wealthspread/scrape/company_info.json
2025-03-10 10:07:22,099 - wealth_spread - ERROR - Error analyzing portfolio: 'str' object has no attribute 'get'
2025-03-10 10:07:22,101 - wealth_spread - ERROR - Traceback: Traceback (most recent call last):
  File "/home/mariefarhat/122project/30122-project-wealthspread/wealthspread_cli.py", line 543, in analyze_portfolio
    metrics = calculate_metrics(portfolio, suggested_stock, investment_amount)
  File "/home/mariefarhat/122project/30122-project-wealthspread/wealthspread_cli.py", line 481, in calculate_metrics
    ticker_esg = get_esg_scores(ticker)
  File "/home/mariefarhat/122project/30122-project-wealthspread/wealthspread_cli.py", line 327, in get_esg_scores
    'total': esg_data.get('totalEsg', 0),
             ^^^^^^^^^^^^
AttributeError: 'str' object has no attribute 'get'

2025-03-10 10:16:29,832 - wealth_spread - INFO - Loaded ESG data from /home/mariefarhat/122project/30122-project-wealthspread/wealthspread/correlation/ESG_Scores.json
2025-03-10 10:16:29,832 - wealth_spread - ERROR - Sorry, no ESG data available for: GOOG. Try a different stock.
2025-03-10 10:16:37,140 - wealth_spread - INFO - Loaded stock data from /home/mariefarhat/122project/30122-project-wealthspread/wealthspread/correlation/stocks_details.json
2025-03-10 10:16:53,082 - wealth_spread - INFO - Loaded correlation data from /home/mariefarhat/122project/30122-project-wealthspread/wealthspread/correlation/correlation_matrix.csv
2025-03-10 10:16:53,082 - wealth_spread - ERROR - Error analyzing portfolio: 'str' object has no attribute 'get'
2025-03-10 10:16:53,088 - wealth_spread - ERROR - Traceback: Traceback (most recent call last):
  File "/home/mariefarhat/122project/30122-project-wealthspread/wealthspread_cli.py", line 543, in analyze_portfolio
    metrics = calculate_metrics(portfolio, suggested_stock, investment_amount)
  File "/home/mariefarhat/122project/30122-project-wealthspread/wealthspread_cli.py", line 481, in calculate_metrics
    ticker_esg = get_esg_scores(ticker)
  File "/home/mariefarhat/122project/30122-project-wealthspread/wealthspread_cli.py", line 327, in get_esg_scores
    'total': esg_data.get('totalEsg', 0),
             ^^^^^^^^^^^^
AttributeError: 'str' object has no attribute 'get'

2025-03-10 10:28:51,250 - wealth_spread - INFO - Loaded ESG data from /home/mariefarhat/122project/30122-project-wealthspread/wealthspread/correlation/ESG_Scores.json
2025-03-10 10:28:51,250 - wealth_spread - ERROR - Sorry, no ESG data available for: GOOG. Try a different stock.
2025-03-10 10:28:57,425 - wealth_spread - INFO - Loaded stock data from /home/mariefarhat/122project/30122-project-wealthspread/wealthspread/correlation/stocks_details.json
2025-03-10 10:29:10,127 - wealth_spread - INFO - Loaded correlation data from /home/mariefarhat/122project/30122-project-wealthspread/wealthspread/correlation/correlation_matrix.csv
2025-03-10 10:29:10,127 - wealth_spread - ERROR - Error analyzing portfolio: 'str' object has no attribute 'get'
2025-03-10 10:29:10,133 - wealth_spread - ERROR - Traceback: Traceback (most recent call last):
  File "/home/mariefarhat/122project/30122-project-wealthspread/wealthspread_cli.py", line 543, in analyze_portfolio
    metrics = calculate_metrics(portfolio, suggested_stock, investment_amount)
  File "/home/mariefarhat/122project/30122-project-wealthspread/wealthspread_cli.py", line 481, in calculate_metrics
    ticker_esg = get_esg_scores(ticker)
  File "/home/mariefarhat/122project/30122-project-wealthspread/wealthspread_cli.py", line 327, in get_esg_scores
    'total': esg_data.get('totalEsg', 0),
             ^^^^^^^^^^^^
AttributeError: 'str' object has no attribute 'get'

2025-03-10 10:35:25,241 - wealth_spread - INFO - Loaded stock data from /home/mariefarhat/122project/30122-project-wealthspread/wealthspread/correlation/stocks_details.json
2025-03-10 10:35:25,345 - wealth_spread - INFO - Loaded correlation data from /home/mariefarhat/122project/30122-project-wealthspread/wealthspread/correlation/correlation_matrix.csv
2025-03-10 10:35:25,347 - wealth_spread - INFO - Loaded ESG data from /home/mariefarhat/122project/30122-project-wealthspread/wealthspread/correlation/ESG_Scores.json
2025-03-10 10:35:25,347 - wealth_spread - WARNING - No ESG data available for BRK.B. Using defaults.
2025-03-10 10:35:25,348 - wealth_spread - WARNING - No ESG data available for GOOG. Using defaults.
2025-03-10 10:35:25,350 - wealth_spread - INFO - Loaded company info from /home/mariefarhat/122project/30122-project-wealthspread/wealthspread/scrape/company_info.json
2025-03-10 10:37:08,965 - wealth_spread - INFO - Loaded ESG data from /home/mariefarhat/122project/30122-project-wealthspread/wealthspread/correlation/ESG_Scores.json
2025-03-10 10:37:08,965 - wealth_spread - WARNING - No ESG data available for GOOG. Using Defaults.
2025-03-10 10:37:08,966 - wealth_spread - INFO - Loaded stock data from /home/mariefarhat/122project/30122-project-wealthspread/wealthspread/correlation/stocks_details.json
2025-03-10 10:37:08,967 - wealth_spread - ERROR - Sorry, no ESG data available for: GOOG. Try a different stock.
2025-03-10 10:37:53,964 - wealth_spread - INFO - Loaded correlation data from /home/mariefarhat/122project/30122-project-wealthspread/wealthspread/correlation/correlation_matrix.csv
2025-03-10 10:37:53,964 - wealth_spread - WARNING - No ESG data available for GOOG. Using Defaults.
2025-03-10 10:37:53,966 - wealth_spread - ERROR - Error analyzing portfolio: unsupported operand type(s) for *: 'NoneType' and 'float'
2025-03-10 10:37:53,970 - wealth_spread - ERROR - Traceback: Traceback (most recent call last):
  File "/home/mariefarhat/122project/30122-project-wealthspread/wealthspread_cli.py", line 554, in analyze_portfolio
    metrics = calculate_metrics(portfolio, suggested_stock, investment_amount)
  File "/home/mariefarhat/122project/30122-project-wealthspread/wealthspread_cli.py", line 493, in calculate_metrics
    current_esg += ticker_esg.get('total', portfolio_data[ticker].get('esg_score', 25)) * amount / total_current_value
                   ~~~~~~~~~~~~~~~~~~~~~~~~~~~~~~~~~~~~~~~~~~~~~~~~~~~~~~~~~~~~~~~~~~~~~^~~~~~~~
TypeError: unsupported operand type(s) for *: 'NoneType' and 'float'

2025-03-10 10:38:39,318 - wealth_spread - INFO - Loaded stock data from /home/mariefarhat/122project/30122-project-wealthspread/wealthspread/correlation/stocks_details.json
2025-03-10 10:38:39,420 - wealth_spread - INFO - Loaded correlation data from /home/mariefarhat/122project/30122-project-wealthspread/wealthspread/correlation/correlation_matrix.csv
2025-03-10 10:38:39,421 - wealth_spread - INFO - Loaded ESG data from /home/mariefarhat/122project/30122-project-wealthspread/wealthspread/correlation/ESG_Scores.json
2025-03-10 10:38:39,422 - wealth_spread - WARNING - No ESG data available for GOOG. Using Defaults.
2025-03-10 10:38:39,423 - wealth_spread - INFO - Loaded company info from /home/mariefarhat/122project/30122-project-wealthspread/wealthspread/scrape/company_info.json
2025-03-10 10:38:56,827 - wealth_spread - WARNING - No ESG data available for GOOG. Using Defaults.
2025-03-10 10:41:04,969 - wealth_spread - INFO - Loaded stock data from /home/mariefarhat/122project/30122-project-wealthspread/wealthspread/correlation/stocks_details.json
2025-03-10 10:41:05,073 - wealth_spread - INFO - Loaded correlation data from /home/mariefarhat/122project/30122-project-wealthspread/wealthspread/correlation/correlation_matrix.csv
2025-03-10 10:41:05,075 - wealth_spread - INFO - Loaded ESG data from /home/mariefarhat/122project/30122-project-wealthspread/wealthspread/correlation/ESG_Scores.json
2025-03-10 10:41:05,075 - wealth_spread - WARNING - No ESG data available for GOOG. Using Defaults.
2025-03-10 10:41:05,078 - wealth_spread - INFO - Loaded company info from /home/mariefarhat/122project/30122-project-wealthspread/wealthspread/scrape/company_info.json
2025-03-10 10:41:09,745 - wealth_spread - WARNING - No ESG data available for GOOG. Using Defaults.
2025-03-10 10:47:34,718 - wealth_spread - INFO - Loaded stock data from /home/mariefarhat/122project/30122-project-wealthspread/wealthspread/correlation/stocks_details.json
2025-03-10 10:47:34,822 - wealth_spread - INFO - Loaded correlation data from /home/mariefarhat/122project/30122-project-wealthspread/wealthspread/correlation/correlation_matrix.csv
2025-03-10 10:47:34,825 - wealth_spread - INFO - Loaded ESG data from /home/mariefarhat/122project/30122-project-wealthspread/wealthspread/correlation/ESG_Scores.json
2025-03-10 10:47:34,829 - wealth_spread - INFO - Loaded company info from /home/mariefarhat/122project/30122-project-wealthspread/wealthspread/scrape/company_info.json
2025-03-10 10:48:10,436 - wealth_spread - INFO - Loaded stock data from /home/mariefarhat/122project/30122-project-wealthspread/wealthspread/correlation/stocks_details.json
2025-03-10 10:48:10,538 - wealth_spread - INFO - Loaded correlation data from /home/mariefarhat/122project/30122-project-wealthspread/wealthspread/correlation/correlation_matrix.csv
2025-03-10 10:48:10,539 - wealth_spread - INFO - Loaded ESG data from /home/mariefarhat/122project/30122-project-wealthspread/wealthspread/correlation/ESG_Scores.json
2025-03-10 10:48:10,539 - wealth_spread - ERROR - Error analyzing portfolio: 'str' object has no attribute 'get'
2025-03-10 10:48:10,546 - wealth_spread - ERROR - Traceback: Traceback (most recent call last):
  File "/home/mariefarhat/122project/30122-project-wealthspread/wealthspread_cli.py", line 546, in analyze_portfolio
    metrics = calculate_metrics(portfolio, suggested_stock, investment_amount)
  File "/home/mariefarhat/122project/30122-project-wealthspread/wealthspread_cli.py", line 484, in calculate_metrics
    ticker_esg = get_esg_scores(ticker)
  File "/home/mariefarhat/122project/30122-project-wealthspread/wealthspread_cli.py", line 330, in get_esg_scores
    'total': esg_data.get('totalEsg', 0),
             ^^^^^^^^^^^^
AttributeError: 'str' object has no attribute 'get'

2025-03-10 10:48:27,965 - wealth_spread - INFO - Loaded company info from /home/mariefarhat/122project/30122-project-wealthspread/wealthspread/scrape/company_info.json
2025-03-10 10:49:29,152 - wealth_spread - INFO - Loaded stock data from /home/mariefarhat/122project/30122-project-wealthspread/wealthspread/correlation/stocks_details.json
2025-03-10 10:49:29,254 - wealth_spread - INFO - Loaded correlation data from /home/mariefarhat/122project/30122-project-wealthspread/wealthspread/correlation/correlation_matrix.csv
2025-03-10 10:49:29,255 - wealth_spread - INFO - Loaded ESG data from /home/mariefarhat/122project/30122-project-wealthspread/wealthspread/correlation/ESG_Scores.json
2025-03-10 10:49:29,256 - wealth_spread - WARNING - No ESG data available for GOOG. Using Defaults.
2025-03-10 10:49:29,257 - wealth_spread - INFO - Loaded company info from /home/mariefarhat/122project/30122-project-wealthspread/wealthspread/scrape/company_info.json
2025-03-10 10:51:34,684 - wealth_spread - ERROR - Unexpected error: cannot access local variable 'esg_data' where it is not associated with a value
2025-03-10 10:53:15,807 - wealth_spread - INFO - Loaded ESG data from /home/mariefarhat/122project/30122-project-wealthspread/wealthspread/correlation/ESG_Scores.json
2025-03-10 10:53:15,808 - wealth_spread - WARNING - No ESG data available for GOOG. Using Defaults.
2025-03-10 10:53:15,808 - wealth_spread - WARNING - No ESG data available for GOOG. Using Defaults.
2025-03-10 10:53:15,810 - wealth_spread - INFO - Loaded stock data from /home/mariefarhat/122project/30122-project-wealthspread/wealthspread/correlation/stocks_details.json
2025-03-10 10:57:45,583 - wealth_spread - INFO - Loaded ESG data from /home/mariefarhat/122project/30122-project-wealthspread/wealthspread/correlation/ESG_Scores.json
2025-03-10 10:57:45,583 - wealth_spread - WARNING - No ESG data available for GOOG. Using Defaults.
2025-03-10 10:57:45,585 - wealth_spread - INFO - Loaded stock data from /home/mariefarhat/122project/30122-project-wealthspread/wealthspread/correlation/stocks_details.json
2025-03-10 10:58:36,123 - wealth_spread - INFO - Loaded ESG data from /home/mariefarhat/122project/30122-project-wealthspread/wealthspread/correlation/ESG_Scores.json
2025-03-10 10:58:36,124 - wealth_spread - INFO - Loaded stock data from /home/mariefarhat/122project/30122-project-wealthspread/wealthspread/correlation/stocks_details.json
2025-03-10 10:58:56,615 - wealth_spread - INFO - Loaded correlation data from /home/mariefarhat/122project/30122-project-wealthspread/wealthspread/correlation/correlation_matrix.csv
2025-03-10 10:58:56,615 - wealth_spread - WARNING - No ESG data available for GOOG. Using Defaults.
2025-03-10 10:58:56,619 - wealth_spread - INFO - Loaded company info from /home/mariefarhat/122project/30122-project-wealthspread/wealthspread/scrape/company_info.json
2025-03-10 11:00:15,914 - wealth_spread - INFO - Loaded ESG data from /home/mariefarhat/122project/30122-project-wealthspread/wealthspread/correlation/ESG_Scores.json
2025-03-10 11:00:15,914 - wealth_spread - WARNING - No ESG data available for GOOG. Using Defaults.
2025-03-10 11:00:15,915 - wealth_spread - INFO - Loaded stock data from /home/mariefarhat/122project/30122-project-wealthspread/wealthspread/correlation/stocks_details.json
2025-03-10 11:00:47,215 - wealth_spread - INFO - Loaded correlation data from /home/mariefarhat/122project/30122-project-wealthspread/wealthspread/correlation/correlation_matrix.csv
2025-03-10 11:00:47,215 - wealth_spread - WARNING - No ESG data available for GOOG. Using Defaults.
2025-03-10 11:00:47,218 - wealth_spread - INFO - Loaded company info from /home/mariefarhat/122project/30122-project-wealthspread/wealthspread/scrape/company_info.json
2025-03-10 11:03:44,190 - wealth_spread - INFO - Loaded ESG data from /home/mariefarhat/122project/30122-project-wealthspread/wealthspread/correlation/ESG_Scores.json
2025-03-10 11:03:44,190 - wealth_spread - WARNING - No ESG data available for GOOG. Using Defaults.
2025-03-10 11:03:44,191 - wealth_spread - INFO - Loaded stock data from /home/mariefarhat/122project/30122-project-wealthspread/wealthspread/correlation/stocks_details.json
2025-03-10 11:04:00,678 - wealth_spread - INFO - Loaded correlation data from /home/mariefarhat/122project/30122-project-wealthspread/wealthspread/correlation/correlation_matrix.csv
2025-03-10 11:04:00,678 - wealth_spread - WARNING - No ESG data available for GOOG. Using Defaults.
2025-03-10 11:04:00,681 - wealth_spread - INFO - Loaded company info from /home/mariefarhat/122project/30122-project-wealthspread/wealthspread/scrape/company_info.json
2025-03-10 11:05:05,379 - wealth_spread - INFO - Loaded ESG data from /home/mariefarhat/122project/30122-project-wealthspread/wealthspread/correlation/ESG_Scores.json
2025-03-10 11:05:05,380 - wealth_spread - INFO - Loaded stock data from /home/mariefarhat/122project/30122-project-wealthspread/wealthspread/correlation/stocks_details.json
2025-03-10 11:05:55,434 - wealth_spread - INFO - Loaded correlation data from /home/mariefarhat/122project/30122-project-wealthspread/wealthspread/correlation/correlation_matrix.csv
2025-03-10 11:05:55,436 - wealth_spread - INFO - Loaded company info from /home/mariefarhat/122project/30122-project-wealthspread/wealthspread/scrape/company_info.json
2025-03-10 11:07:15,738 - wealth_spread - INFO - Loaded stock data from /home/mariefarhat/122project/30122-project-wealthspread/wealthspread/correlation/stocks_details.json
2025-03-10 11:07:15,740 - wealth_spread - INFO - Loaded company info from /home/mariefarhat/122project/30122-project-wealthspread/wealthspread/scrape/company_info.json
2025-03-10 11:07:15,741 - wealth_spread - INFO - Loaded ESG data from /home/mariefarhat/122project/30122-project-wealthspread/wealthspread/correlation/ESG_Scores.json
2025-03-10 11:12:00,571 - wealth_spread - INFO - Loaded correlation data from /home/mariefarhat/122project/30122-project-wealthspread/wealthspread/correlation/correlation_matrix.csv
2025-03-10 14:19:42,590 - wealth_spread - INFO - Loaded stock data from /home/mariefarhat/122project/30122-project-wealthspread/wealthspread/correlation/stocks_details.json
2025-03-10 14:19:42,593 - wealth_spread - INFO - Loaded company info from /home/mariefarhat/122project/30122-project-wealthspread/wealthspread/scrape/company_info.json
2025-03-10 14:19:42,595 - wealth_spread - INFO - Loaded ESG data from /home/mariefarhat/122project/30122-project-wealthspread/wealthspread/correlation/ESG_Scores.json
2025-03-10 14:21:09,679 - wealth_spread - INFO - Loaded correlation data from /home/mariefarhat/122project/30122-project-wealthspread/wealthspread/correlation/correlation_matrix.csv
2025-03-10 14:28:23,206 - wealth_spread - INFO - Loaded stock data from /home/mariefarhat/122project/30122-project-wealthspread/wealthspread/correlation/stocks_details.json
2025-03-10 14:28:23,209 - wealth_spread - INFO - Loaded company info from /home/mariefarhat/122project/30122-project-wealthspread/wealthspread/scrape/company_info.json
2025-03-10 14:28:23,211 - wealth_spread - INFO - Loaded ESG data from /home/mariefarhat/122project/30122-project-wealthspread/wealthspread/correlation/ESG_Scores.json
2025-03-10 14:29:38,514 - wealth_spread - INFO - Loaded correlation data from /home/mariefarhat/122project/30122-project-wealthspread/wealthspread/correlation/correlation_matrix.csv
2025-03-10 14:29:38,515 - wealth_spread - WARNING - No ESG data available for GOOG. Using Defaults.
2025-03-10 14:30:21,789 - wealth_spread - WARNING - No ESG data available for GOOG. Using Defaults.
2025-03-10 14:30:55,148 - wealth_spread - WARNING - No ESG data available for GOOG. Using Defaults.
2025-03-10 14:31:27,939 - wealth_spread - WARNING - No ESG data available for GOOG. Using Defaults.
2025-03-10 14:32:16,550 - wealth_spread - WARNING - No ESG data available for GOOG. Using Defaults.
2025-03-10 14:37:38,466 - wealth_spread - WARNING - No ESG data available for GOOG. Using Defaults.
2025-03-10 14:40:31,899 - wealth_spread - WARNING - No ESG data available for BRK.B. Using Defaults.
2025-03-10 14:40:31,900 - wealth_spread - WARNING - No ESG data available for GOOG. Using Defaults.
2025-03-10 14:41:06,146 - wealth_spread - WARNING - No ESG data available for GOOG. Using Defaults.
2025-03-10 14:41:45,161 - wealth_spread - WARNING - No ESG data available for GOOG. Using Defaults.
2025-03-10 14:42:07,235 - wealth_spread - WARNING - No ESG data available for GOOG. Using Defaults.
2025-03-10 14:46:32,023 - wealth_spread - INFO - Loaded stock data from /home/mariefarhat/122project/30122-project-wealthspread/wealthspread/correlation/stocks_details.json
2025-03-10 14:46:32,127 - wealth_spread - INFO - Loaded correlation data from /home/mariefarhat/122project/30122-project-wealthspread/wealthspread/correlation/correlation_matrix.csv
2025-03-10 14:46:32,129 - wealth_spread - INFO - Loaded ESG data from /home/mariefarhat/122project/30122-project-wealthspread/wealthspread/correlation/ESG_Scores.json
2025-03-10 14:46:32,132 - wealth_spread - INFO - Loaded company info from /home/mariefarhat/122project/30122-project-wealthspread/wealthspread/scrape/company_info.json
2025-03-10 15:07:45,709 - wealth_spread - INFO - Loaded stock data from /home/mariefarhat/122project/30122-project-wealthspread/wealthspread/correlation/stocks_details.json
2025-03-10 15:07:45,820 - wealth_spread - INFO - Loaded correlation data from /home/mariefarhat/122project/30122-project-wealthspread/wealthspread/correlation/correlation_matrix.csv
2025-03-10 15:07:45,823 - wealth_spread - INFO - Loaded ESG data from /home/mariefarhat/122project/30122-project-wealthspread/wealthspread/correlation/ESG_Scores.json
2025-03-10 15:07:45,827 - wealth_spread - INFO - Loaded company info from /home/mariefarhat/122project/30122-project-wealthspread/wealthspread/scrape/company_info.json
2025-03-10 16:37:01,861 - wealth_spread - WARNING - No ESG data available for BRK.B. Using Defaults.
2025-03-10 16:37:01,862 - wealth_spread - WARNING - No ESG data available for GOOG. Using Defaults.
2025-03-10 17:31:32,714 - wealth_spread - ERROR - Unexpected error: 
2025-03-10 19:55:21,046 - wealth_spread - INFO - Loaded stock data from /home/mariefarhat/122project/30122-project-wealthspread/wealthspread/correlation/stocks_details.json
2025-03-10 19:55:21,173 - wealth_spread - INFO - Loaded correlation data from /home/mariefarhat/122project/30122-project-wealthspread/wealthspread/correlation/correlation_matrix.csv
2025-03-10 19:55:21,176 - wealth_spread - INFO - Loaded ESG data from /home/mariefarhat/122project/30122-project-wealthspread/wealthspread/correlation/ESG_Scores.json
2025-03-10 19:55:21,179 - wealth_spread - INFO - Loaded company info from /home/mariefarhat/122project/30122-project-wealthspread/wealthspread/scrape/company_info.json
2025-03-12 09:10:06,648 - wealth_spread - INFO - Loaded stock data from /home/mariefarhat/122project/30122-project-wealthspread/wealthspread/correlation/stocks_details.json
2025-03-12 09:10:06,761 - wealth_spread - INFO - Loaded correlation data from /home/mariefarhat/122project/30122-project-wealthspread/wealthspread/correlation/correlation_matrix.csv
2025-03-12 09:10:06,763 - wealth_spread - INFO - Loaded ESG data from /home/mariefarhat/122project/30122-project-wealthspread/wealthspread/correlation/ESG_Scores.json
2025-03-12 09:10:06,766 - wealth_spread - INFO - Loaded company info from /home/mariefarhat/122project/30122-project-wealthspread/wealthspread/scrape/company_info.json
2025-03-12 09:41:26,150 - wealth_spread - INFO - Loaded stock data from /home/mariefarhat/122project/30122-project-wealthspread/wealthspread/correlation/stocks_details.json
2025-03-12 09:41:26,266 - wealth_spread - INFO - Loaded correlation data from /home/mariefarhat/122project/30122-project-wealthspread/wealthspread/correlation/correlation_matrix.csv
2025-03-12 09:41:26,268 - wealth_spread - INFO - Loaded ESG data from /home/mariefarhat/122project/30122-project-wealthspread/wealthspread/correlation/ESG_Scores.json
2025-03-12 09:41:26,271 - wealth_spread - INFO - Loaded company info from /home/mariefarhat/122project/30122-project-wealthspread/wealthspread/scrape/company_info.json
=======
2025-03-10 18:32:23,769 - wealth_spread - INFO - Loaded stock data from /Users/khushidesai/Downloads/30122-project-wealthspread/wealthspread/correlation/stocks_details.json
2025-03-10 18:32:23,855 - wealth_spread - INFO - Loaded correlation data from /Users/khushidesai/Downloads/30122-project-wealthspread/wealthspread/correlation/correlation_matrix.csv
2025-03-10 18:32:23,856 - wealth_spread - INFO - Loaded ESG data from /Users/khushidesai/Downloads/30122-project-wealthspread/wealthspread/correlation/ESG_Scores.json
2025-03-10 18:32:23,858 - wealth_spread - INFO - Loaded company info from /Users/khushidesai/Downloads/30122-project-wealthspread/wealthspread/scrape/company_info.json
2025-03-12 12:42:52,446 - wealth_spread - ERROR - Portfolio module not found at: 30122-project-wealthspread/wealthspread/correlation/portfolio.py
2025-03-12 12:42:52,446 - wealth_spread - WARNING - Company info file not found at: 30122-project-wealthspread/wealthspread/scrape/company_info.json
2025-03-12 12:42:52,446 - wealth_spread - WARNING - Stock details file not found at: 30122-project-wealthspread/wealthspread/correlation/stock_details.json
2025-03-12 12:42:52,447 - wealth_spread - WARNING - ESG data file not found at expected locations
2025-03-12 13:03:10,754 - wealth_spread - INFO - Successfully used suggest_stocks_sharpe function
2025-03-12 13:17:31,922 - wealth_spread - ERROR - Portfolio module not found at: 30122-project-wealthspread/wealthspread/correlation/portfolio.py
2025-03-12 13:17:31,922 - wealth_spread - WARNING - Company info file not found at expected locations
2025-03-12 13:17:31,922 - wealth_spread - WARNING - Stock details file not found at: 30122-project-wealthspread/wealthspread/correlation/stock_details.json
2025-03-12 13:17:31,922 - wealth_spread - WARNING - ESG data file not found at expected locations
2025-03-12 13:17:52,713 - wealth_spread - INFO - Successfully used suggest_stocks_sharpe function
2025-03-12 13:21:39,976 - wealth_spread - ERROR - Portfolio module not found at: 30122-project-wealthspread/wealthspread/correlation/portfolio.py
2025-03-12 13:21:39,976 - wealth_spread - WARNING - Company info file not found at expected locations
2025-03-12 13:21:39,976 - wealth_spread - WARNING - Stock details file not found at: 30122-project-wealthspread/wealthspread/correlation/stock_details.json
2025-03-12 13:21:39,976 - wealth_spread - WARNING - ESG data file not found at expected locations
2025-03-12 13:21:56,636 - wealth_spread - INFO - Successfully used suggest_stocks_sharpe function
2025-03-12 13:22:27,370 - wealth_spread - ERROR - Portfolio module not found at: 30122-project-wealthspread/wealthspread/correlation/portfolio.py
2025-03-12 13:22:27,370 - wealth_spread - WARNING - Company info file not found at expected locations
2025-03-12 13:22:27,371 - wealth_spread - WARNING - Stock details file not found at: 30122-project-wealthspread/wealthspread/correlation/stock_details.json
2025-03-12 13:22:27,371 - wealth_spread - WARNING - ESG data file not found at expected locations
2025-03-12 13:22:54,251 - wealth_spread - INFO - Successfully used suggest_stocks_sharpe function
2025-03-12 13:26:31,140 - wealth_spread - ERROR - Portfolio module not found at: 30122-project-wealthspread/wealthspread/correlation/portfolio.py
2025-03-12 13:26:31,140 - wealth_spread - WARNING - Company info file not found at expected locations
2025-03-12 13:26:31,140 - wealth_spread - WARNING - Stock details file not found at: 30122-project-wealthspread/wealthspread/correlation/stock_details.json
2025-03-12 13:26:31,140 - wealth_spread - WARNING - ESG data file not found at expected locations
2025-03-12 13:26:59,454 - wealth_spread - ERROR - Error calling suggest_stocks_sharpe: list index out of range
2025-03-12 13:40:32,353 - wealth_spread - ERROR - Portfolio module not found at: 30122-project-wealthspread/wealthspread/correlation/portfolio.py
2025-03-12 13:40:45,509 - wealth_spread - ERROR - Portfolio module not found at: 30122-project-wealthspread/wealthspread/correlation/portfolio.py
2025-03-12 13:46:26,589 - wealth_spread - ERROR - Error importing portfolio module: [Errno 2] No such file or directory: 'stocks_details.json'
2025-03-12 14:16:15,162 - wealth_spread - INFO - Created symlink to /Users/khushidesai/Downloads/30122-project-wealthspread/wealthspread/correlation/stocks_details.json
2025-03-12 15:07:30,380 - wealth_spread - INFO - Created symlink from /Users/khushidesai/Downloads/30122-project-wealthspread/wealthspread/correlation/correlation_matrix.csv to /Users/khushidesai/Downloads/30122-project-wealthspread/correlation_matrix.csv
2025-03-12 15:07:30,380 - wealth_spread - INFO - Created symlink from /Users/khushidesai/Downloads/30122-project-wealthspread/wealthspread/correlation/geometric_mean.json to /Users/khushidesai/Downloads/30122-project-wealthspread/geometric_mean.json
2025-03-12 15:07:30,380 - wealth_spread - INFO - Created symlink from /Users/khushidesai/Downloads/30122-project-wealthspread/wealthspread/correlation/scaled_geometric_mean.json to /Users/khushidesai/Downloads/30122-project-wealthspread/scaled_geometric_mean.json
2025-03-12 15:07:30,381 - wealth_spread - INFO - Created symlink from /Users/khushidesai/Downloads/30122-project-wealthspread/wealthspread/esg/ESG_Scores.json to /Users/khushidesai/Downloads/30122-project-wealthspread/ESG_Scores.json
2025-03-12 15:07:30,794 - wealth_spread - ERROR - Import error: No module named 'twelvedata_api'
2025-03-12 15:13:29,831 - wealth_spread - INFO - Successfully imported portfolio module
2025-03-12 15:19:35,908 - wealth_spread - ERROR - Error analyzing portfolio: "['MOC'] not in index"
2025-03-12 15:19:35,914 - wealth_spread - ERROR - Traceback: Traceback (most recent call last):
  File "/Users/khushidesai/Downloads/30122-project-wealthspread/wealthspread_cli.py", line 183, in analyze_portfolio
    result = portfolio.suggest_stocks_sharpe(user_portfolio, investment_amount)
  File "/Users/khushidesai/Downloads/30122-project-wealthspread/wealthspread/correlation/portfolio.py", line 96, in suggest_stocks_sharpe
    sub_corr_matrix = corr_matrix.loc[new_tickers, new_tickers]
                      ~~~~~~~~~~~~~~~^^^^^^^^^^^^^^^^^^^^^^^^^^
  File "/Users/khushidesai/Downloads/30122-project-wealthspread/.venv/lib/python3.13/site-packages/pandas/core/indexing.py", line 1184, in __getitem__
    return self._getitem_tuple(key)
           ~~~~~~~~~~~~~~~~~~~^^^^^
  File "/Users/khushidesai/Downloads/30122-project-wealthspread/.venv/lib/python3.13/site-packages/pandas/core/indexing.py", line 1375, in _getitem_tuple
    return self._multi_take(tup)
           ~~~~~~~~~~~~~~~~^^^^^
  File "/Users/khushidesai/Downloads/30122-project-wealthspread/.venv/lib/python3.13/site-packages/pandas/core/indexing.py", line 1327, in _multi_take
    axis: self._get_listlike_indexer(key, axis)
          ~~~~~~~~~~~~~~~~~~~~~~~~~~^^^^^^^^^^^
  File "/Users/khushidesai/Downloads/30122-project-wealthspread/.venv/lib/python3.13/site-packages/pandas/core/indexing.py", line 1558, in _get_listlike_indexer
    keyarr, indexer = ax._get_indexer_strict(key, axis_name)
                      ~~~~~~~~~~~~~~~~~~~~~~^^^^^^^^^^^^^^^^
  File "/Users/khushidesai/Downloads/30122-project-wealthspread/.venv/lib/python3.13/site-packages/pandas/core/indexes/base.py", line 6200, in _get_indexer_strict
    self._raise_if_missing(keyarr, indexer, axis_name)
    ~~~~~~~~~~~~~~~~~~~~~~^^^^^^^^^^^^^^^^^^^^^^^^^^^^
  File "/Users/khushidesai/Downloads/30122-project-wealthspread/.venv/lib/python3.13/site-packages/pandas/core/indexes/base.py", line 6252, in _raise_if_missing
    raise KeyError(f"{not_found} not in index")
KeyError: "['MOC'] not in index"

2025-03-12 15:29:08,854 - wealth_spread - INFO - Successfully imported portfolio module
2025-03-12 15:29:27,191 - wealth_spread - INFO - Successfully imported portfolio module
2025-03-12 15:29:39,068 - wealth_spread - INFO - Successfully imported portfolio module
2025-03-12 15:29:58,387 - wealth_spread - INFO - Successfully imported portfolio module
2025-03-12 15:30:15,175 - wealth_spread - INFO - Successfully imported portfolio module
2025-03-12 15:30:57,100 - wealth_spread - INFO - Successfully imported portfolio module
>>>>>>> d2842e7 (Improved application)
2025-03-12 15:54:44,562 - wealth_spread - INFO - Successfully imported portfolio module
2025-03-12 16:00:40,912 - wealth_spread - INFO - Successfully imported portfolio module
2025-03-12 16:01:37,996 - wealth_spread - INFO - Successfully imported portfolio module
2025-03-12 16:02:11,951 - wealth_spread - ERROR - Error analyzing portfolio: "[('AAPL', 'MSFT')] not in index"
2025-03-12 16:02:11,961 - wealth_spread - ERROR - Traceback: Traceback (most recent call last):
  File "/Users/khushidesai/Downloads/30122-project-wealthspread/wealthspread_cli.py", line 206, in analyze_portfolio
    result = portfolio.suggest_stocks_sharpe(user_portfolio, investment_amount)
  File "/Users/khushidesai/Downloads/30122-project-wealthspread/wealthspread/correlation/portfolio.py", line 96, in suggest_stocks_sharpe
    sub_corr_matrix = corr_matrix.loc[new_tickers, new_tickers]
                      ~~~~~~~~~~~~~~~^^^^^^^^^^^^^^^^^^^^^^^^^^
  File "/Users/khushidesai/Downloads/30122-project-wealthspread/.venv/lib/python3.13/site-packages/pandas/core/indexing.py", line 1184, in __getitem__
    return self._getitem_tuple(key)
           ~~~~~~~~~~~~~~~~~~~^^^^^
  File "/Users/khushidesai/Downloads/30122-project-wealthspread/.venv/lib/python3.13/site-packages/pandas/core/indexing.py", line 1375, in _getitem_tuple
    return self._multi_take(tup)
           ~~~~~~~~~~~~~~~~^^^^^
  File "/Users/khushidesai/Downloads/30122-project-wealthspread/.venv/lib/python3.13/site-packages/pandas/core/indexing.py", line 1327, in _multi_take
    axis: self._get_listlike_indexer(key, axis)
          ~~~~~~~~~~~~~~~~~~~~~~~~~~^^^^^^^^^^^
  File "/Users/khushidesai/Downloads/30122-project-wealthspread/.venv/lib/python3.13/site-packages/pandas/core/indexing.py", line 1558, in _get_listlike_indexer
    keyarr, indexer = ax._get_indexer_strict(key, axis_name)
                      ~~~~~~~~~~~~~~~~~~~~~~^^^^^^^^^^^^^^^^
  File "/Users/khushidesai/Downloads/30122-project-wealthspread/.venv/lib/python3.13/site-packages/pandas/core/indexes/base.py", line 6200, in _get_indexer_strict
    self._raise_if_missing(keyarr, indexer, axis_name)
    ~~~~~~~~~~~~~~~~~~~~~~^^^^^^^^^^^^^^^^^^^^^^^^^^^^
  File "/Users/khushidesai/Downloads/30122-project-wealthspread/.venv/lib/python3.13/site-packages/pandas/core/indexes/base.py", line 6252, in _raise_if_missing
    raise KeyError(f"{not_found} not in index")
KeyError: "[('AAPL', 'MSFT')] not in index"

2025-03-12 16:04:25,253 - wealth_spread - INFO - Successfully imported portfolio module
2025-03-12 16:04:40,634 - wealth_spread - ERROR - Error analyzing portfolio: "[('AAPL', 'MSFT')] not in index"
2025-03-12 16:04:40,638 - wealth_spread - ERROR - Traceback: Traceback (most recent call last):
  File "/Users/khushidesai/Downloads/30122-project-wealthspread/wealthspread_cli.py", line 206, in analyze_portfolio
    result = portfolio.suggest_stocks_sharpe(user_portfolio, investment_amount)
  File "/Users/khushidesai/Downloads/30122-project-wealthspread/wealthspread/correlation/portfolio.py", line 96, in suggest_stocks_sharpe
    sub_corr_matrix = corr_matrix.loc[new_tickers, new_tickers]
                      ~~~~~~~~~~~~~~~^^^^^^^^^^^^^^^^^^^^^^^^^^
  File "/Users/khushidesai/Downloads/30122-project-wealthspread/.venv/lib/python3.13/site-packages/pandas/core/indexing.py", line 1184, in __getitem__
    return self._getitem_tuple(key)
           ~~~~~~~~~~~~~~~~~~~^^^^^
  File "/Users/khushidesai/Downloads/30122-project-wealthspread/.venv/lib/python3.13/site-packages/pandas/core/indexing.py", line 1375, in _getitem_tuple
    return self._multi_take(tup)
           ~~~~~~~~~~~~~~~~^^^^^
  File "/Users/khushidesai/Downloads/30122-project-wealthspread/.venv/lib/python3.13/site-packages/pandas/core/indexing.py", line 1327, in _multi_take
    axis: self._get_listlike_indexer(key, axis)
          ~~~~~~~~~~~~~~~~~~~~~~~~~~^^^^^^^^^^^
  File "/Users/khushidesai/Downloads/30122-project-wealthspread/.venv/lib/python3.13/site-packages/pandas/core/indexing.py", line 1558, in _get_listlike_indexer
    keyarr, indexer = ax._get_indexer_strict(key, axis_name)
                      ~~~~~~~~~~~~~~~~~~~~~~^^^^^^^^^^^^^^^^
  File "/Users/khushidesai/Downloads/30122-project-wealthspread/.venv/lib/python3.13/site-packages/pandas/core/indexes/base.py", line 6200, in _get_indexer_strict
    self._raise_if_missing(keyarr, indexer, axis_name)
    ~~~~~~~~~~~~~~~~~~~~~~^^^^^^^^^^^^^^^^^^^^^^^^^^^^
  File "/Users/khushidesai/Downloads/30122-project-wealthspread/.venv/lib/python3.13/site-packages/pandas/core/indexes/base.py", line 6252, in _raise_if_missing
    raise KeyError(f"{not_found} not in index")
KeyError: "[('AAPL', 'MSFT')] not in index"

2025-03-12 16:05:13,635 - wealth_spread - INFO - Successfully imported portfolio module
2025-03-12 16:05:25,367 - wealth_spread - ERROR - Error analyzing portfolio: "[('AAPL', 'MSFT')] not in index"
2025-03-12 16:05:25,372 - wealth_spread - ERROR - Traceback: Traceback (most recent call last):
  File "/Users/khushidesai/Downloads/30122-project-wealthspread/wealthspread_cli.py", line 205, in analyze_portfolio
    result = portfolio.suggest_stocks_sharpe(user_portfolio, investment_amount)
  File "/Users/khushidesai/Downloads/30122-project-wealthspread/wealthspread/correlation/portfolio.py", line 96, in suggest_stocks_sharpe
    sub_corr_matrix = corr_matrix.loc[new_tickers, new_tickers]
                      ~~~~~~~~~~~~~~~^^^^^^^^^^^^^^^^^^^^^^^^^^
  File "/Users/khushidesai/Downloads/30122-project-wealthspread/.venv/lib/python3.13/site-packages/pandas/core/indexing.py", line 1184, in __getitem__
    return self._getitem_tuple(key)
           ~~~~~~~~~~~~~~~~~~~^^^^^
  File "/Users/khushidesai/Downloads/30122-project-wealthspread/.venv/lib/python3.13/site-packages/pandas/core/indexing.py", line 1375, in _getitem_tuple
    return self._multi_take(tup)
           ~~~~~~~~~~~~~~~~^^^^^
  File "/Users/khushidesai/Downloads/30122-project-wealthspread/.venv/lib/python3.13/site-packages/pandas/core/indexing.py", line 1327, in _multi_take
    axis: self._get_listlike_indexer(key, axis)
          ~~~~~~~~~~~~~~~~~~~~~~~~~~^^^^^^^^^^^
  File "/Users/khushidesai/Downloads/30122-project-wealthspread/.venv/lib/python3.13/site-packages/pandas/core/indexing.py", line 1558, in _get_listlike_indexer
    keyarr, indexer = ax._get_indexer_strict(key, axis_name)
                      ~~~~~~~~~~~~~~~~~~~~~~^^^^^^^^^^^^^^^^
  File "/Users/khushidesai/Downloads/30122-project-wealthspread/.venv/lib/python3.13/site-packages/pandas/core/indexes/base.py", line 6200, in _get_indexer_strict
    self._raise_if_missing(keyarr, indexer, axis_name)
    ~~~~~~~~~~~~~~~~~~~~~~^^^^^^^^^^^^^^^^^^^^^^^^^^^^
  File "/Users/khushidesai/Downloads/30122-project-wealthspread/.venv/lib/python3.13/site-packages/pandas/core/indexes/base.py", line 6252, in _raise_if_missing
    raise KeyError(f"{not_found} not in index")
KeyError: "[('AAPL', 'MSFT')] not in index"

2025-03-12 16:06:29,445 - wealth_spread - INFO - Successfully imported portfolio module
2025-03-12 16:06:57,915 - wealth_spread - ERROR - Error analyzing portfolio: "['10', '3000'] not in index"
2025-03-12 16:06:57,919 - wealth_spread - ERROR - Traceback: Traceback (most recent call last):
  File "/Users/khushidesai/Downloads/30122-project-wealthspread/wealthspread_cli.py", line 183, in analyze_portfolio
    result = portfolio.suggest_stocks_sharpe(user_portfolio, investment_amount)
  File "/Users/khushidesai/Downloads/30122-project-wealthspread/wealthspread/correlation/portfolio.py", line 96, in suggest_stocks_sharpe
    sub_corr_matrix = corr_matrix.loc[new_tickers, new_tickers]
                      ~~~~~~~~~~~~~~~^^^^^^^^^^^^^^^^^^^^^^^^^^
  File "/Users/khushidesai/Downloads/30122-project-wealthspread/.venv/lib/python3.13/site-packages/pandas/core/indexing.py", line 1184, in __getitem__
    return self._getitem_tuple(key)
           ~~~~~~~~~~~~~~~~~~~^^^^^
  File "/Users/khushidesai/Downloads/30122-project-wealthspread/.venv/lib/python3.13/site-packages/pandas/core/indexing.py", line 1375, in _getitem_tuple
    return self._multi_take(tup)
           ~~~~~~~~~~~~~~~~^^^^^
  File "/Users/khushidesai/Downloads/30122-project-wealthspread/.venv/lib/python3.13/site-packages/pandas/core/indexing.py", line 1327, in _multi_take
    axis: self._get_listlike_indexer(key, axis)
          ~~~~~~~~~~~~~~~~~~~~~~~~~~^^^^^^^^^^^
  File "/Users/khushidesai/Downloads/30122-project-wealthspread/.venv/lib/python3.13/site-packages/pandas/core/indexing.py", line 1558, in _get_listlike_indexer
    keyarr, indexer = ax._get_indexer_strict(key, axis_name)
                      ~~~~~~~~~~~~~~~~~~~~~~^^^^^^^^^^^^^^^^
  File "/Users/khushidesai/Downloads/30122-project-wealthspread/.venv/lib/python3.13/site-packages/pandas/core/indexes/base.py", line 6200, in _get_indexer_strict
    self._raise_if_missing(keyarr, indexer, axis_name)
    ~~~~~~~~~~~~~~~~~~~~~~^^^^^^^^^^^^^^^^^^^^^^^^^^^^
  File "/Users/khushidesai/Downloads/30122-project-wealthspread/.venv/lib/python3.13/site-packages/pandas/core/indexes/base.py", line 6252, in _raise_if_missing
    raise KeyError(f"{not_found} not in index")
KeyError: "['10', '3000'] not in index"

2025-03-12 16:07:12,989 - wealth_spread - ERROR - Error analyzing portfolio: "[('AAPL', 'MSFT')] not in index"
2025-03-12 16:07:12,990 - wealth_spread - ERROR - Traceback: Traceback (most recent call last):
  File "/Users/khushidesai/Downloads/30122-project-wealthspread/wealthspread_cli.py", line 183, in analyze_portfolio
    result = portfolio.suggest_stocks_sharpe(user_portfolio, investment_amount)
  File "/Users/khushidesai/Downloads/30122-project-wealthspread/wealthspread/correlation/portfolio.py", line 96, in suggest_stocks_sharpe
    sub_corr_matrix = corr_matrix.loc[new_tickers, new_tickers]
                      ~~~~~~~~~~~~~~~^^^^^^^^^^^^^^^^^^^^^^^^^^
  File "/Users/khushidesai/Downloads/30122-project-wealthspread/.venv/lib/python3.13/site-packages/pandas/core/indexing.py", line 1184, in __getitem__
    return self._getitem_tuple(key)
           ~~~~~~~~~~~~~~~~~~~^^^^^
  File "/Users/khushidesai/Downloads/30122-project-wealthspread/.venv/lib/python3.13/site-packages/pandas/core/indexing.py", line 1375, in _getitem_tuple
    return self._multi_take(tup)
           ~~~~~~~~~~~~~~~~^^^^^
  File "/Users/khushidesai/Downloads/30122-project-wealthspread/.venv/lib/python3.13/site-packages/pandas/core/indexing.py", line 1327, in _multi_take
    axis: self._get_listlike_indexer(key, axis)
          ~~~~~~~~~~~~~~~~~~~~~~~~~~^^^^^^^^^^^
  File "/Users/khushidesai/Downloads/30122-project-wealthspread/.venv/lib/python3.13/site-packages/pandas/core/indexing.py", line 1558, in _get_listlike_indexer
    keyarr, indexer = ax._get_indexer_strict(key, axis_name)
                      ~~~~~~~~~~~~~~~~~~~~~~^^^^^^^^^^^^^^^^
  File "/Users/khushidesai/Downloads/30122-project-wealthspread/.venv/lib/python3.13/site-packages/pandas/core/indexes/base.py", line 6200, in _get_indexer_strict
    self._raise_if_missing(keyarr, indexer, axis_name)
    ~~~~~~~~~~~~~~~~~~~~~~^^^^^^^^^^^^^^^^^^^^^^^^^^^^
  File "/Users/khushidesai/Downloads/30122-project-wealthspread/.venv/lib/python3.13/site-packages/pandas/core/indexes/base.py", line 6252, in _raise_if_missing
    raise KeyError(f"{not_found} not in index")
KeyError: "[('AAPL', 'MSFT')] not in index"

2025-03-12 16:07:51,377 - wealth_spread - INFO - Successfully imported portfolio module
2025-03-12 16:08:00,218 - wealth_spread - ERROR - Error analyzing portfolio: "[('AAPL', 'MSFT')] not in index"
2025-03-12 16:08:00,222 - wealth_spread - ERROR - Traceback: Traceback (most recent call last):
  File "/Users/khushidesai/Downloads/30122-project-wealthspread/wealthspread_cli.py", line 183, in analyze_portfolio
    result = portfolio.suggest_stocks_sharpe(user_portfolio, investment_amount)
  File "/Users/khushidesai/Downloads/30122-project-wealthspread/wealthspread/correlation/portfolio.py", line 96, in suggest_stocks_sharpe
    sub_corr_matrix = corr_matrix.loc[new_tickers, new_tickers]
                      ~~~~~~~~~~~~~~~^^^^^^^^^^^^^^^^^^^^^^^^^^
  File "/Users/khushidesai/Downloads/30122-project-wealthspread/.venv/lib/python3.13/site-packages/pandas/core/indexing.py", line 1184, in __getitem__
    return self._getitem_tuple(key)
           ~~~~~~~~~~~~~~~~~~~^^^^^
  File "/Users/khushidesai/Downloads/30122-project-wealthspread/.venv/lib/python3.13/site-packages/pandas/core/indexing.py", line 1375, in _getitem_tuple
    return self._multi_take(tup)
           ~~~~~~~~~~~~~~~~^^^^^
  File "/Users/khushidesai/Downloads/30122-project-wealthspread/.venv/lib/python3.13/site-packages/pandas/core/indexing.py", line 1327, in _multi_take
    axis: self._get_listlike_indexer(key, axis)
          ~~~~~~~~~~~~~~~~~~~~~~~~~~^^^^^^^^^^^
  File "/Users/khushidesai/Downloads/30122-project-wealthspread/.venv/lib/python3.13/site-packages/pandas/core/indexing.py", line 1558, in _get_listlike_indexer
    keyarr, indexer = ax._get_indexer_strict(key, axis_name)
                      ~~~~~~~~~~~~~~~~~~~~~~^^^^^^^^^^^^^^^^
  File "/Users/khushidesai/Downloads/30122-project-wealthspread/.venv/lib/python3.13/site-packages/pandas/core/indexes/base.py", line 6200, in _get_indexer_strict
    self._raise_if_missing(keyarr, indexer, axis_name)
    ~~~~~~~~~~~~~~~~~~~~~~^^^^^^^^^^^^^^^^^^^^^^^^^^^^
  File "/Users/khushidesai/Downloads/30122-project-wealthspread/.venv/lib/python3.13/site-packages/pandas/core/indexes/base.py", line 6252, in _raise_if_missing
    raise KeyError(f"{not_found} not in index")
KeyError: "[('AAPL', 'MSFT')] not in index"

2025-03-12 16:13:14,511 - wealth_spread - ERROR - Error analyzing portfolio: "[('AAPL', 'MSFT')] not in index"
2025-03-12 16:13:14,514 - wealth_spread - ERROR - Traceback: Traceback (most recent call last):
  File "/Users/khushidesai/Downloads/30122-project-wealthspread/wealthspread_cli.py", line 183, in analyze_portfolio
    try:
    
  File "/Users/khushidesai/Downloads/30122-project-wealthspread/wealthspread/correlation/portfolio.py", line 96, in suggest_stocks_sharpe
    sub_corr_matrix = corr_matrix.loc[new_tickers, new_tickers]
                      ~~~~~~~~~~~~~~~^^^^^^^^^^^^^^^^^^^^^^^^^^
  File "/Users/khushidesai/Downloads/30122-project-wealthspread/.venv/lib/python3.13/site-packages/pandas/core/indexing.py", line 1184, in __getitem__
    return self._getitem_tuple(key)
           ~~~~~~~~~~~~~~~~~~~^^^^^
  File "/Users/khushidesai/Downloads/30122-project-wealthspread/.venv/lib/python3.13/site-packages/pandas/core/indexing.py", line 1375, in _getitem_tuple
    return self._multi_take(tup)
           ~~~~~~~~~~~~~~~~^^^^^
  File "/Users/khushidesai/Downloads/30122-project-wealthspread/.venv/lib/python3.13/site-packages/pandas/core/indexing.py", line 1327, in _multi_take
    axis: self._get_listlike_indexer(key, axis)
          ~~~~~~~~~~~~~~~~~~~~~~~~~~^^^^^^^^^^^
  File "/Users/khushidesai/Downloads/30122-project-wealthspread/.venv/lib/python3.13/site-packages/pandas/core/indexing.py", line 1558, in _get_listlike_indexer
    keyarr, indexer = ax._get_indexer_strict(key, axis_name)
                      ~~~~~~~~~~~~~~~~~~~~~~^^^^^^^^^^^^^^^^
  File "/Users/khushidesai/Downloads/30122-project-wealthspread/.venv/lib/python3.13/site-packages/pandas/core/indexes/base.py", line 6200, in _get_indexer_strict
    self._raise_if_missing(keyarr, indexer, axis_name)
    ~~~~~~~~~~~~~~~~~~~~~~^^^^^^^^^^^^^^^^^^^^^^^^^^^^
  File "/Users/khushidesai/Downloads/30122-project-wealthspread/.venv/lib/python3.13/site-packages/pandas/core/indexes/base.py", line 6252, in _raise_if_missing
    raise KeyError(f"{not_found} not in index")
KeyError: "[('AAPL', 'MSFT')] not in index"

2025-03-12 16:13:34,886 - wealth_spread - INFO - Successfully imported portfolio module
2025-03-12 16:14:00,961 - wealth_spread - ERROR - Error analyzing portfolio: name 'fixed_suggest_stocks_sharpe' is not defined
2025-03-12 16:15:55,812 - wealth_spread - INFO - Successfully imported portfolio module
2025-03-12 16:21:03,525 - wealth_spread - INFO - Successfully imported portfolio module
2025-03-12 16:21:03,525 - wealth_spread - INFO - Successfully imported portfolio module
2025-03-12 16:28:06,612 - wealth_spread - INFO - Successfully imported portfolio module
2025-03-12 16:28:17,494 - wealth_spread - ERROR - Error analyzing portfolio: "[('AAPL', 'MSFT')] not in index"
2025-03-12 16:30:44,062 - wealth_spread - INFO - Successfully imported portfolio module
2025-03-12 16:31:03,333 - wealth_spread - ERROR - Error analyzing portfolio: "[('AAPL', 'MSFT')] not in index"
2025-03-12 16:49:35,478 - wealth_spread - INFO - Successfully imported portfolio module
2025-03-12 16:50:26,161 - wealth_spread - INFO - Successfully imported portfolio module
2025-03-12 16:59:06,354 - wealth_spread - INFO - Successfully imported portfolio module
2025-03-12 17:11:21,156 - wealth_spread - INFO - Successfully imported portfolio module
2025-03-12 17:11:40,449 - wealth_spread - INFO - Successfully imported portfolio module
2025-03-12 17:12:51,245 - wealth_spread - INFO - Successfully imported portfolio module
2025-03-12 17:15:19,256 - wealth_spread - INFO - Successfully imported portfolio module
2025-03-12 17:16:03,048 - wealth_spread - INFO - Successfully imported portfolio module
2025-03-12 17:24:23,225 - wealth_spread - INFO - Successfully imported portfolio module
2025-03-12 17:24:30,885 - wealth_spread - ERROR - Error in portfolio setup: local variable 'ticker' referenced before assignment
2025-03-12 17:26:01,138 - wealth_spread - INFO - Successfully imported portfolio module
2025-03-12 17:26:09,093 - wealth_spread - ERROR - Error in portfolio setup: local variable 'ticker' referenced before assignment
2025-03-12 17:27:06,307 - wealth_spread - ERROR - Error analyzing portfolio: name 'portfolio' is not defined
2025-03-12 17:28:08,246 - wealth_spread - INFO - Successfully imported portfolio module
2025-03-12 17:30:49,145 - wealth_spread - INFO - Successfully imported portfolio module
2025-03-12 17:31:05,249 - wealth_spread - INFO - Successfully imported portfolio module
2025-03-12 17:31:51,176 - wealth_spread - ERROR - Error analyzing portfolio: name 'portfolio' is not defined
2025-03-12 17:44:52,816 - wealth_spread - INFO - Loaded stock data from /home/rishaq/30122-project-wealthspread/stocks_details.json
2025-03-12 17:44:52,989 - wealth_spread - INFO - Loaded correlation data from /home/rishaq/30122-project-wealthspread/wealthspread/correlation/correlation_matrix.csv
2025-03-12 17:44:52,994 - wealth_spread - INFO - Loaded ESG data from /home/rishaq/30122-project-wealthspread/wealthspread/correlation/ESG_Scores.json
2025-03-12 17:44:53,008 - wealth_spread - INFO - Loaded company info from /home/rishaq/30122-project-wealthspread/wealthspread/scrape/company_info.json
2025-03-12 17:54:16,333 - wealth_spread - INFO - Successfully imported portfolio module
2025-03-12 17:56:05,805 - wealth_spread - ERROR - Error analyzing portfolio: [Errno 2] No such file or directory: 'correlation_matrix.csv'
2025-03-12 17:56:28,286 - wealth_spread - ERROR - Error analyzing portfolio: [Errno 2] No such file or directory: 'correlation_matrix.csv'
2025-03-12 17:58:21,847 - wealth_spread - ERROR - Error analyzing portfolio: [Errno 2] No such file or directory: 'correlation_matrix.csv'
2025-03-12 18:00:08,249 - wealth_spread - INFO - Successfully imported portfolio module
2025-03-12 18:00:28,510 - wealth_spread - ERROR - Error analyzing portfolio: [Errno 2] No such file or directory: 'correlation_matrix.csv'
2025-03-12 18:07:28,854 - wealth_spread - INFO - Successfully imported portfolio module
2025-03-12 18:07:55,890 - wealth_spread - ERROR - Error analyzing portfolio: [Errno 2] No such file or directory: 'correlation_matrix.csv'
2025-03-12 18:11:10,087 - wealth_spread - INFO - Successfully imported portfolio module
2025-03-12 18:11:34,218 - wealth_spread - ERROR - Error analyzing portfolio: [Errno 2] No such file or directory: 'scaled_geometric_mean.json'
2025-03-12 18:12:28,447 - wealth_spread - INFO - Successfully imported portfolio module
2025-03-12 18:15:09,329 - wealth_spread - ERROR - Error analyzing portfolio: "['ZXZXZ'] not in index"
2025-03-12 18:17:40,335 - wealth_spread - ERROR - Error analyzing portfolio: "['2'] not in index"
2025-03-12 18:18:14,347 - wealth_spread - ERROR - Error analyzing portfolio: "None of [Index(['1', ('AAPL', 'MSFT')], dtype='object')] are in the [index]"
2025-03-12 18:18:48,140 - wealth_spread - INFO - Successfully imported portfolio module
2025-03-12 18:20:24,345 - wealth_spread - INFO - Successfully imported portfolio module
2025-03-12 18:32:39,063 - wealth_spread - INFO - Successfully imported portfolio module
2025-03-12 18:52:41,673 - wealth_spread - INFO - Successfully imported portfolio module
2025-03-12 18:52:56,303 - wealth_spread - ERROR - Error analyzing portfolio: list index out of range
2025-03-12 18:53:33,249 - wealth_spread - INFO - Successfully imported portfolio module
2025-03-12 19:56:27,470 - wealth_spread - INFO - Successfully imported portfolio module
2025-03-12 20:04:25,700 - wealth_spread - INFO - Successfully imported portfolio module
2025-03-12 20:04:49,349 - wealth_spread - INFO - Successfully imported portfolio module
2025-03-12 20:09:34,352 - wealth_spread - INFO - Successfully imported portfolio module
2025-03-12 20:09:58,008 - wealth_spread - ERROR - Error analyzing portfolio: 'str' object has no attribute 'get'
2025-03-12 20:10:38,145 - wealth_spread - INFO - Successfully imported portfolio module
2025-03-12 20:10:57,315 - wealth_spread - ERROR - Error analyzing portfolio: 'str' object has no attribute 'get'
2025-03-12 20:11:40,109 - wealth_spread - INFO - Successfully imported portfolio module
2025-03-12 20:13:03,347 - wealth_spread - INFO - Successfully imported portfolio module
2025-03-12 20:14:51,055 - wealth_spread - INFO - Successfully imported portfolio module
2025-03-12 20:15:07,377 - wealth_spread - ERROR - Error analyzing portfolio: 'str' object has no attribute 'get'
2025-03-12 20:15:52,044 - wealth_spread - INFO - Successfully imported portfolio module
2025-03-12 20:16:27,642 - wealth_spread - INFO - Successfully imported portfolio module
2025-03-12 20:21:35,847 - wealth_spread - INFO - Successfully imported portfolio module
2025-03-12 20:42:12,358 - wealth_spread - INFO - Successfully imported portfolio module
2025-03-12 20:47:21,585 - wealth_spread - INFO - Successfully imported portfolio module
2025-03-12 20:47:29,328 - wealth_spread - ERROR - Error analyzing portfolio: "[('AAPL', 'MSFT')] not in index"
2025-03-12 20:48:31,745 - wealth_spread - INFO - Successfully imported portfolio module
2025-03-12 21:06:17,355 - wealth_spread - INFO - Successfully imported portfolio module
2025-03-12 21:11:50,594 - wealth_spread - INFO - Successfully imported portfolio module
